<?xml version="1.0" encoding="UTF-8"?>
<testng-results skipped="0" failed="0" ignored="0" total="1" passed="1">
  <reporter-output>
  </reporter-output>
  <suite name="Default suite" duration-ms="63283" started-at="2019-08-08T08:21:56Z" finished-at="2019-08-08T08:23:00Z">
    <groups>
    </groups>
    <test name="Default test" duration-ms="63283" started-at="2019-08-08T08:21:56Z" finished-at="2019-08-08T08:23:00Z">
      <class name="Com.Google.Selenium.Test.TestNGDemo">
        <test-method status="PASS" signature="OpenURL()[pri:0, instance:Com.Google.Selenium.Test.TestNGDemo@457e2f02]" name="OpenURL" is-config="true" duration-ms="40073" started-at="2019-08-08T08:21:56Z" finished-at="2019-08-08T08:22:36Z">
          <reporter-output>
          </reporter-output>
        </test-method> <!-- OpenURL -->
        <test-method status="PASS" signature="Login()[pri:0, instance:Com.Google.Selenium.Test.TestNGDemo@457e2f02]" name="Login" duration-ms="22289" started-at="2019-08-08T08:22:36Z" finished-at="2019-08-08T08:22:59Z">
          <reporter-output>
          </reporter-output>
        </test-method> <!-- Login -->
        <test-method status="PASS" signature="CloseBrowser()[pri:0, instance:Com.Google.Selenium.Test.TestNGDemo@457e2f02]" name="CloseBrowser" is-config="true" duration-ms="898" started-at="2019-08-08T08:22:59Z" finished-at="2019-08-08T08:23:00Z">
          <reporter-output>
          </reporter-output>
        </test-method> <!-- CloseBrowser -->
      </class> <!-- Com.Google.Selenium.Test.TestNGDemo -->
    </test> <!-- Default test -->
  </suite> <!-- Default suite -->
</testng-results>
